1
                                         HYPO71PC FOR AUTO GIANT                        



 ***** PROGRAM: HYPO71PC (Version 1: 11/29/85) *****


             TEST(1)  TEST(2)  TEST(3)  TEST(4)  TEST(5)  TEST(6)  TEST(7)  TEST(8)  TEST(9) TEST(10) TEST(11) TEST(12) TEST(13)
 STANDARD    0.1000  10.0000   2.0000   0.0500   5.0000   4.0000  -0.8700   2.0000   0.0035 100.0000   8.0000   0.5000   1.0000
 RESET TO    0.1000  10.0000   2.0000   0.0500   5.0000   4.0000  -0.8700   2.0000   0.0035 100.0000  20.0000   0.5000   1.0000

    L     STN     LAT     LONG    ELV DELAY     FMGC  XMGC KL  PRR  CALR IC      DATE HRMN
    1    S01_ 38 9.06N 12248.04W    0  0.00     0.00   0.00 0 0.00   0.00 0          0   0
    2    S02_ 38 4.44N 12211.94W    0  0.00     0.00   0.00 0 0.00   0.00 0          0   0
    3    S03_ 3812.47N 12142.56W    0  0.00     0.00   0.00 0 0.00   0.00 0          0   0
    4    S04_ 3750.95N 12233.34W    0  0.00     0.00   0.00 0 0.00   0.00 0          0   0
    5    S05_ 3750.00N 12159.74W    0  0.00     0.00   0.00 0 0.00   0.00 0          0   0
    6    S06_ 3730.43N 12210.30W    0  0.00     0.00   0.00 0 0.00   0.00 0          0   0
    7    S07_ 3746.37N 12128.53W    0  0.00     0.00   0.00 0 0.00   0.00 0          0   0
    8    S08_ 37 6.47N 12141.96W    0  0.00     0.00   0.00 0 0.00   0.00 0          0   0
    9    S09_ 3725.58N 12139.92W    0  0.00     0.00   0.00 0 0.00   0.00 0          0   0
   10    S10_ 38 1.07N 123 0.45W    0  0.00     0.00   0.00 0 0.00   0.00 0          0   0
   11    S11_ 3743.16N 123 1.80W    0  0.00     0.00   0.00 0 0.00   0.00 0          0   0
   12    S12_ 3739.88N 12243.10W    0  0.00     0.00   0.00 0 0.00   0.00 0          0   0
   13    S13_ 3731.26N 12255.27W    0  0.00     0.00   0.00 0 0.00   0.00 0          0   0
   14    S14_ 3726.52N 12236.56W    0  0.00     0.00   0.00 0 0.00   0.00 0          0   0
   15    S15_ 3712.27N 123 3.67W    0  0.00     0.00   0.00 0 0.00   0.00 0          0   0
   16    S16_ 3717.35N 12216.11W    0  0.00     0.00   0.00 0 0.00   0.00 0          0   0
   17    S17_ 3655.99N 12238.05W    0  0.00     0.00   0.00 0 0.00   0.00 0          0   0
   18    S18_ 37 1.35N 122 4.57W    0  0.00     0.00   0.00 0 0.00   0.00 0          0   0



       CRUSTAL MODEL 1
     VELOCITY     DEPTH
        5.800     0.000
        6.000     5.000
        6.800    10.000
        7.200    20.000
        7.900    35.000



KS Z XNEAR XFAR  POS   IQ  KMS  KFM IPUN IMAG   IR IPRN CODE   LATR      LONR
 0  0.  25. 150. 1.78    2    1   18    0    1    0    100011   0  0.00   0  0.00
1

                               HYPO71PC FOR AUTO GIANT                                                         96/12/ 1     1: 6

                                                             ADJUSTMENTS (KM)  PARTIAL F-VALUES  STANDARD ERRORS  ADJUSTMENTS TAKEN
  I  ORIG  LAT N    LONG W   DEPTH  DM  RMS AVRPS SKD   CF   DLAT  DLON    DZ  DLAT  DLON    DZ  DLAT  DLON    DZ  DLAT  DLON    DZ
  1 39.60 37- 6.57 121-42.06  0.00*  0 1.88  0.00 D0B  2.00 -3.91 14.65  0.00  5.07 72.84  0.00  1.74  1.72  0.00 -3.91 14.65  0.00
  2 40.99 37- 4.46 121-51.95  0.00* 15 0.94  0.20 D1C  0.50  0.00  0.85  0.00  0.01  0.68 -1.00  0.00  1.03  0.00  0.00  0.85  0.00
  3 41.25 37- 4.46 121-52.52  0.00  16 0.93 -0.01 D0C  2.00  0.00  0.00  9.62 -1.00  1.94 32.40  0.00  0.00  1.69  0.00  0.00  4.81
  4 41.54 37- 4.46 121-52.52  4.81* 16 0.72 -0.01 D1C  0.50 -1.46 -0.75  0.00  1.29  0.81  0.00  1.28  0.84  0.00 -1.46 -0.75  0.00
  5 41.32 37- 3.67 121-52.01  4.81  16 0.70  0.00 D0D  2.00 -8.09 -4.23 11.79 54.95 43.51 80.80  1.09  0.64  1.31 -8.09 -4.23  3.93
  6 40.39 36-59.29 121-49.15  8.74  17 0.56 -0.11 D0D  2.00  0.00  0.00  5.31  1.63 -1.00 58.02  0.00  0.00  0.70  0.00  0.00  2.65
  7 40.46 36-59.29 121-49.15 11.39  17 0.46 -0.10 C0D  2.00  0.00 -0.71 14.17  0.47  3.38 76.89  0.00  0.39  1.62  0.00 -0.71  4.72
  8 40.24 36-59.29 121-48.67 16.12  17 0.27 -0.02 B0D  2.00 -0.95 -0.50  4.03  7.17  4.09113.09  0.35  0.25  0.38 -0.95 -0.50  4.03
  9 39.97 36-58.78 121-48.33 20.14  17 0.03  0.04 A0D  2.00 -0.26 -0.15 -0.09 27.44 19.53  2.27  0.05  0.03  0.06 -0.26 -0.15 -0.09
 10 39.97 36-58.64 121-48.23 20.05  17 0.02  0.00 A3D  0.50  0.00  0.00  0.00 -1.00 -1.00  0.01  0.00  0.00  0.05  0.00  0.00  0.00
 10 39.97 36-58.64 121-48.23 20.05  17 0.02  0.00 A2D  2.00  0.00  0.00  0.00  0.00  0.00  0.00  0.05  0.04  0.06  0.00  0.00  0.00


  DATE    ORIGIN    LAT N    LONG W    DEPTH    MAG NO DM GAP M  RMS  ERH  ERZ Q SQD  ADJ IN NR  AVR  AAR NM AVXM SDXM NF AVFM SDFM I
 961201  1 6 39.97 36-58.64 121-48.23  20.05        32 17 234 1 0.02  0.1  0.1 C A|D 0.31 10 36 0.00 0.01  0  0.0  0.0  0  0.0  0.010

  STN  DIST AZM AIN PRMK HRMN P-SEC TPOBS TPCAL DLY/H1 P-RES P-WT AMX PRX CALX K XMAG RMK FMP FMAG SRMK S-SEC TSOBS S-RES  S-WT    DT
 S08_  17.2  33 133 IP_0  1 6 44.15  4.18  4.17  0.00  0.00  2.07   0  0  0.00 0                   IS_0 47.39  7.42 -0.01   2.1      
 S18_  24.8 282 119 IP_0  1 6 45.01  5.04  5.02  0.00  0.01  2.07   0  0  0.00 0                   IS_0 48.92  8.95  0.01   2.1      
 S09_  51.3  14  90 IP_0  1 6 48.56  8.59  8.58  0.00  0.00  1.63   0  0  0.00 0                   IS_0 55.24 15.27 -0.01   1.6      
 S16_  53.9 310  90 IP_0  1 6 48.92  8.95  8.94  0.00  0.01  1.59   0  0  0.00 0                   IS_0 55.89 15.92  0.01   1.6      
 S06_  67.3 331  90 IP_0  1 6 50.79 10.82 10.80  0.00  0.02  1.37   0  0  0.00 0                   IS_0 59.20 19.23  0.01   1.4      
 S17_  74.1 266  90 IP_0  1 6 51.72 11.75 11.75  0.00  0.00  1.26   0  0  0.00 0                   IS_0 60.86 20.89 -0.03   1.3      
 S14_  88.2 306  90 IP_0  1 6 53.68 13.71 13.70  0.00  0.01  1.02   0  0  0.00 0                   IS_0 64.35 24.38 -0.01   1.0      
 S07_  93.0  18  90 IP_0  1 6 54.33 14.36 14.37  0.00 -0.01  0.94   0  0  0.00 0                   IS_0 65.51 25.54 -0.03   0.9      
 S05_  96.5 350  90 IP_0  1 6 54.85 14.88 14.86  0.00  0.02  0.89   0  0  0.00 0                   IS_0 66.43 26.46  0.01   0.9      
 S12_ 111.3 313  90 IP_0  1 6 56.90 16.93 16.91  0.00  0.01  0.64   0  0  0.00 0                   IS_0 70.07 30.10 -0.01   0.6      
 S15_ 114.6 283  90 IP_0  1 6 57.32 17.35 17.37  0.00 -0.02  0.59   0  0  0.00 0                   IS_0 70.84 30.87 -0.05   0.6      
 S13_ 116.1 301  90 IP_0  1 6 57.54 17.57 17.57  0.00 -0.01  0.56   0  0  0.00 0                   IS_0 71.23 31.26 -0.02   0.6      
 S04_ 117.4 325  90 IP_0  1 6 57.76 17.79 17.77  0.00  0.02  0.54   0  0  0.00 0                   IS_0 71.61 31.64  0.01   0.5      
 S02_ 126.6 344  90 IP_0  1 6 59.04 19.07 19.04  0.00  0.02  0.39   0  0  0.00 0                   IS_0 73.88 33.91  0.01   0.4      
 S11_ 136.3 307  90 IP_0  1 7  0.36 20.39 20.39  0.00  0.00  0.23   0  0  0.00 0                   IS_0 16.24 36.27 -0.03   0.2      
 S03_ 136.8   3  90 IP_0  1 7  0.44 20.47 20.46  0.00  0.01  0.22   0  0  0.00 0                   IS_0 16.38 36.41 -0.01   0.2      
 S10_ 157.1 317  90 IP_0  1 7  3.25 23.28 23.27  0.00  0.01  0.00   0  0  0.00 0                   IS_0 21.38 41.41 -0.01   0.0      
 S01_ 157.2 326  90 IP_0  1 7  3.28 23.31 23.29  0.00  0.01  0.00   0  0  0.00 0                   IS_0 21.44 41.47  0.00   0.0      
1  DATE    ORIGIN     LAT      LONG     DEPTH    MAG NO GAP DMIN  RMS  ERH  ERZ QM
  961201  1 6 39.97 36-58.64 121-48.23  20.05        32 234 17.2 0.02  0.1  0.1 C1
0                                                                   0 
                                                                                                                    
                                                                                                                    
                                                                    I                                               
                                                                                                                    
                                        **********                                                                  
                                     ***          ***                                                               
                                    **               *                                                              
                                  **                  **                                                            
                                 **                     *                                                           
                                **                       *                                                          
                               **                         *                                                         
                              **                           *                                                        
                              *                             *                                                       
                             *                              *                                                       
                            *                                *                                                      
                            *                                **                                                     
                           *                                  *                                                     
                           *                                  *                                                     
                          **                                   *                                                    
                          *                                    *                                                    
                          *                                    *                                                    
                          *                                    **                                                   
                         *                                      *                                                   
                         *                                      *                                                   
                         *                                      *                                                   
                         *                                      _                                                   
                         *                                      *                                                   
                 270     *  -                                   *   *                                       -        90
                         *                                      *                                                   
                         *                                      *                                                   
                         *                                _     *                                                   
                         *                                      *                                                   
                         *                                      _                                                   
                          *                                    **                                                   
                          *                                    *                                                    
                          *                                    *                                                    
                          **                                   *                                                    
                           *                                  *                                                     
                           *           _                      *                                                     
                            *                                _*                                                     
                            *                                *                                                      
                             *                              __                                                      
                              *                             _                                                       
                              **                           _                                                        
                               **                         _                                                         
                                **                       *                                                          
                                 **                     X                                                           
                                  **                  _*                                                            
                                    **               *                                                              
                                     *_*          _**                                                               
                                        _**_****_*                                                                  
                                                                                                                    
                                                                    I                                               
                                                                                                                    
                                                                                                                    
                                                                   180 
1 ***** CLASS:     A     B     C     D TOTAL *****

       NUMBER:   0.0   0.0   1.0   0.0   1.0

            %:   0.0   0.0 100.0   0.0



          TRAVELTIME RESIDUALS (MODEL=1)     TRAVELTIME RESIDUALS (MODEL=2)     X-MAGNITUDE RESIDUALS      F-MAGNITUDE RESIDUALS
 STATION   NRES    SRWT   AVRES   SDRES       NRES    SRWT   AVRES   SDRES        NXM    AVXM    SDXM        NFM    AVFM    SDFM
    S01_      0    0.00    0.00    0.00          0    0.00    0.00    0.00          0    0.00    0.00          0    0.00    0.00
    S02_      0    0.00    0.00    0.00          0    0.00    0.00    0.00          0    0.00    0.00          0    0.00    0.00
    S03_      0    0.00    0.00    0.00          0    0.00    0.00    0.00          0    0.00    0.00          0    0.00    0.00
    S04_      0    0.00    0.00    0.00          0    0.00    0.00    0.00          0    0.00    0.00          0    0.00    0.00
    S05_      0    0.00    0.00    0.00          0    0.00    0.00    0.00          0    0.00    0.00          0    0.00    0.00
    S06_      0    0.00    0.00    0.00          0    0.00    0.00    0.00          0    0.00    0.00          0    0.00    0.00
    S07_      0    0.00    0.00    0.00          0    0.00    0.00    0.00          0    0.00    0.00          0    0.00    0.00
    S08_      0    0.00    0.00    0.00          0    0.00    0.00    0.00          0    0.00    0.00          0    0.00    0.00
    S09_      0    0.00    0.00    0.00          0    0.00    0.00    0.00          0    0.00    0.00          0    0.00    0.00
    S10_      0    0.00    0.00    0.00          0    0.00    0.00    0.00          0    0.00    0.00          0    0.00    0.00
    S11_      0    0.00    0.00    0.00          0    0.00    0.00    0.00          0    0.00    0.00          0    0.00    0.00
    S12_      0    0.00    0.00    0.00          0    0.00    0.00    0.00          0    0.00    0.00          0    0.00    0.00
    S13_      0    0.00    0.00    0.00          0    0.00    0.00    0.00          0    0.00    0.00          0    0.00    0.00
    S14_      0    0.00    0.00    0.00          0    0.00    0.00    0.00          0    0.00    0.00          0    0.00    0.00
    S15_      0    0.00    0.00    0.00          0    0.00    0.00    0.00          0    0.00    0.00          0    0.00    0.00
    S16_      0    0.00    0.00    0.00          0    0.00    0.00    0.00          0    0.00    0.00          0    0.00    0.00
    S17_      0    0.00    0.00    0.00          0    0.00    0.00    0.00          0    0.00    0.00          0    0.00    0.00
    S18_      0    0.00    0.00    0.00          0    0.00    0.00    0.00          0    0.00    0.00          0    0.00    0.00
